[38;5;112m[Appium][0m Welcome to Appium v2.19.0
[38;5;112m[Appium][0m Non-default server args:
[38;5;112m[Appium][0m { basePath: [32m'/wd/hub'[39m, loglevel: [32m'info'[39m, port: [33m58291[39m }
[38;5;112m[Appium][0m Attempting to load driver uiautomator2...
[38;5;112m[Appium][0m Appium REST http interface listener started on http://0.0.0.0:58291/wd/hub
[38;5;112m[Appium][0m You can provide the following URLs in your client code to connect to this server:
	http://192.168.1.52:58291/wd/hub
	http://127.0.0.1:58291/wd/hub (only accessible from the same host)
[38;5;112m[Appium][0m Available drivers:
[38;5;112m[Appium][0m   - uiautomator2@3.7.0 (automationName 'UiAutomator2')
[38;5;112m[Appium][0m No plugins have been installed. Use the "appium plugin" command to install the one(s) you want to use.
[38;5;86m[HTTP][0m [37m-->[39m [37mGET[39m [37m/wd/hub/status[39m [90m{}[39m
[38;5;86m[HTTP][0m [37m<-- GET /wd/hub/status [39m[32m200[39m [90m15 ms - 111[39m [90m[39m
[38;5;86m[HTTP][0m [37m-->[39m [37mGET[39m [37m/wd/hub/status[39m [90m{}[39m
[38;5;86m[HTTP][0m [37m<-- GET /wd/hub/status [39m[32m200[39m [90m3 ms - 111[39m [90m[39m
[38;5;86m[HTTP][0m [37m-->[39m [37mPOST[39m [37m/wd/hub/session[39m [90m{"desiredCapabilities":{"appium:systemPort":58306,"appium:newCommandTimeout":1800,"appium:automationName":"uiautomator2","appium:fullReset":false,"appium:platformVersion":"7.1.1","appium:noReset":true,"appium:udid":"c6b11d74","appium:autoGrantPermissions":true,"appium:platformName":"ANDROID","appium:deviceName":"LENOVO Lenovo TB-X304L (Android 7.1.1)","platformName":"Android","appium:app":"C:\\Users\\Ritch\\Desktop\\Echo Test\\APKs\\Bacchus Standard\\86.0.0.1.43.135.apk"},"capabilities":{"firstMatch":[{"appium:app":"C:\\Users\\Ritch\\Desktop\\Echo Test\\APKs\\Bacchus Standard\\86.0.0.1.43.135.apk","appium:autoGrantPermissions":true,"appium:automationName":"uiautomator2","appium:deviceName":"LENOVO Lenovo TB-X304L (Android 7.1.1)","appium:fullReset":false,"appium:newCommandTimeout":1800,"appium:noReset":true,"appium:platformName":"ANDROID","appium:platformVersion":"7.1.1","appium:systemPort":58306,"appium:udid":"c6b11d74","platformName":"android"}]}}[39m
[38;5;123m[BaseDriver][0m Ignoring capability 'appium:platformName=ANDROID' and using capability 'platformName=android'
[38;5;123m[BaseDriver][0m The capabilities ["platformName"] are standard capabilities and do not require "appium:" prefix
[38;5;112m[Appium][0m Attempting to find matching driver for automationName 'uiautomator2' and platformName 'android'
[38;5;112m[Appium][0m The 'uiautomator2' driver was installed and matched caps.
[38;5;112m[Appium][0m Will require it at C:\Users\Ritch\.appium\node_modules\appium-uiautomator2-driver
[38;5;64m[AppiumDriver@324e][0m Appium v2.19.0 creating new AndroidUiautomator2Driver (v3.7.0) session
[38;5;64m[AppiumDriver@324e][0m Checking BaseDriver versions for Appium and AndroidUiautomator2Driver
[38;5;64m[AppiumDriver@324e][0m Appium's BaseDriver version is 9.18.0
[38;5;64m[AppiumDriver@324e][0m AndroidUiautomator2Driver's BaseDriver version is 9.18.0
[38;5;182m[e30dfb99][0m[38;5;-173m[AndroidUiautomator2Driver@74ef][0m Session created with session id: e30dfb99-78f7-4188-bf86-706e41646c69
[38;5;182m[e30dfb99][0m[38;5;229m[ADB][0m Found 1 'build-tools' folders under 'C:\Users\Ritch\AppData\Local\Android\Sdk\platform-tools' (newest first):
[38;5;182m[e30dfb99][0m[38;5;229m[ADB][0m     C:\Users\Ritch\AppData\Local\Android\Sdk\platform-tools\build-tools\29.0.3
[38;5;182m[e30dfb99][0m[38;5;229m[ADB][0m Using 'adb.exe' from 'C:\Users\Ritch\AppData\Local\Android\Sdk\platform-tools\platform-tools\adb.exe'
[38;5;182m[e30dfb99][0m[38;5;-173m[AndroidUiautomator2Driver@74ef][0m Retrieving device list
[38;5;182m[e30dfb99][0m[38;5;-173m[AndroidUiautomator2Driver@74ef][0m Using device: c6b11d74
[38;5;182m[e30dfb99][0m[38;5;229m[ADB][0m Using 'adb.exe' from 'C:\Users\Ritch\AppData\Local\Android\Sdk\platform-tools\platform-tools\adb.exe'
[38;5;182m[e30dfb99][0m[38;5;123m[BaseDriver][0m Using local app 'C:\Users\Ritch\Desktop\Echo Test\APKs\Bacchus Standard\86.0.0.1.43.135.apk'
[38;5;182m[e30dfb99][0m[38;5;229m[ADB][0m Package name: 'com.jimac.bacchus_android'
[38;5;182m[e30dfb99][0m[38;5;229m[ADB][0m Main activity name: 'com.jimac.bacchus_android.SplashScreen'
[38;5;182m[e30dfb99][0m[38;5;-173m[AndroidUiautomator2Driver@74ef][0m Server packages are not going to be (re)installed
[38;5;182m[e30dfb99][0m[38;5;229m[ADB][0m Using 'apksigner.jar' from 'C:\Users\Ritch\AppData\Local\Android\Sdk\platform-tools\build-tools\29.0.3\lib\apksigner.jar'
[38;5;182m[e30dfb99][0m[38;5;229m[ADB][0m Adding packages ["io.appium.settings","io.appium.uiautomator2.server","io.appium.uiautomator2.server.test"] to Doze whitelist
[38;5;182m[e30dfb99][0m[38;5;229m[ADB][0m 'C:\Users\Ritch\Desktop\Echo Test\APKs\Bacchus Standard\86.0.0.1.43.135.apk' is signed with a non-default certificate
[38;5;182m[e30dfb99][0m[38;5;229m[ADB][0m The application at 'C:\Users\Ritch\Desktop\Echo Test\APKs\Bacchus Standard\86.0.0.1.43.135.apk' will not be cached, because the device under test has confirmed the support of streamed installs
[38;5;182m[e30dfb99][0m[38;5;229m[ADB][0m The installation of '86.0.0.1.43.135.apk' took 20770ms
[38;5;182m[e30dfb99][0m[38;5;-173m[AndroidUiautomator2Driver@74ef][0m Starting UIAutomator2 server 7.0.15
[38;5;182m[e30dfb99][0m[38;5;-173m[AndroidUiautomator2Driver@74ef][0m Using UIAutomator2 server from 'C:\Users\Ritch\.appium\node_modules\appium-uiautomator2-driver\node_modules\appium-uiautomator2-server\apks\appium-uiautomator2-server-v7.0.15.apk' and test from 'C:\Users\Ritch\.appium\node_modules\appium-uiautomator2-driver\node_modules\appium-uiautomator2-server\apks\appium-uiautomator2-server-debug-androidTest.apk'
[38;5;182m[e30dfb99][0m[38;5;-173m[AndroidUiautomator2Driver@74ef][0m Waiting up to 30000ms for UiAutomator2 to be online...
[38;5;182m[e30dfb99][0m[38;5;-173m[AndroidUiautomator2Driver@74ef][0m socket hang up
[38;5;182m[e30dfb99][0m[38;5;-173m[AndroidUiautomator2Driver@74ef][0m socket hang up
[38;5;182m[e30dfb99][0m[38;5;-173m[AndroidUiautomator2Driver@74ef][0m socket hang up
[38;5;182m[e30dfb99][0m[38;5;-173m[AndroidUiautomator2Driver@74ef][0m Determined the downstream protocol as 'W3C'
[38;5;182m[e30dfb99][0m[38;5;-173m[AndroidUiautomator2Driver@74ef][0m Screen already unlocked, doing nothing
[38;5;182m[e30dfb99][0m[38;5;-173m[AndroidUiautomator2Driver@74ef][0m Starting 'com.jimac.bacchus_android/com.jimac.bacchus_android.SplashScreen and waiting for 'com.jimac.bacchus_android/com.jimac.bacchus_android.SplashScreen'
[38;5;182m[e30dfb99][0m[38;5;64m[AppiumDriver@324e][0m New AndroidUiautomator2Driver session created successfully, session e30dfb99-78f7-4188-bf86-706e41646c69 added to master session list
[38;5;182m[e30dfb99][0m[38;5;86m[HTTP][0m [37m<-- POST /wd/hub/session [39m[32m200[39m [90m33102 ms - 1255[39m [90m[39m
[38;5;182m[e30dfb99][0m[38;5;86m[HTTP][0m [37m-->[39m [37mGET[39m [37m/wd/hub/session/e30dfb99-78f7-4188-bf86-706e41646c69[39m [90m{}[39m
[38;5;182m[e30dfb99][0m[38;5;-173m[AndroidUiautomator2Driver@74ef][0m The GET /wd/hub/session/:sessionId endpoint has been deprecated and will be removed in a future version of Appium or your driver/plugin. Please use a different API or contact the driver/plugin author to add an explicit support for it.
[38;5;182m[e30dfb99][0m[38;5;86m[HTTP][0m [37m<-- GET /wd/hub/session/e30dfb99-78f7-4188-bf86-706e41646c69 [39m[32m200[39m [90m29 ms - 383[39m [90m[39m
[38;5;182m[e30dfb99][0m[38;5;86m[HTTP][0m [37m-->[39m [37mGET[39m [37m/wd/hub/session/e30dfb99-78f7-4188-bf86-706e41646c69[39m [90m{}[39m
[38;5;182m[e30dfb99][0m[38;5;86m[HTTP][0m [37m<-- GET /wd/hub/session/e30dfb99-78f7-4188-bf86-706e41646c69 [39m[32m200[39m [90m19 ms - 383[39m [90m[39m
[38;5;86m[HTTP][0m [37m-->[39m [37mGET[39m [37m/wd/hub/status[39m [90m{}[39m
[38;5;86m[HTTP][0m [37m<-- GET /wd/hub/status [39m[32m200[39m [90m1 ms - 111[39m [90m[39m
[38;5;182m[e30dfb99][0m[38;5;86m[HTTP][0m [37m-->[39m [37mPOST[39m [37m/wd/hub/session/e30dfb99-78f7-4188-bf86-706e41646c69/timeouts[39m [90m{"implicit":60000}[39m
[38;5;182m[e30dfb99][0m[38;5;86m[HTTP][0m [37m<-- POST /wd/hub/session/e30dfb99-78f7-4188-bf86-706e41646c69/timeouts [39m[32m200[39m [90m3 ms - 14[39m [90m[39m
[38;5;182m[e30dfb99][0m[38;5;86m[HTTP][0m [37m-->[39m [37mGET[39m [37m/wd/hub/session/e30dfb99-78f7-4188-bf86-706e41646c69/source[39m [90m{}[39m
[38;5;182m[e30dfb99][0m[38;5;-173m[AndroidUiautomator2Driver@74ef][0m Driver proxy active, passing request on via HTTP proxy
[38;5;182m[e30dfb99][0m[38;5;-173m[AndroidUiautomator2Driver@74ef][0m Replacing sessionId 951a4652-1176-4be6-84b1-cf94d2af240a with e30dfb99-78f7-4188-bf86-706e41646c69
[38;5;182m[e30dfb99][0m[38;5;86m[HTTP][0m [37m<-- GET /wd/hub/session/e30dfb99-78f7-4188-bf86-706e41646c69/source [39m[32m200[39m [90m744 ms - 4164[39m [90m[39m
[38;5;182m[e30dfb99][0m[38;5;86m[HTTP][0m [37m-->[39m [37mGET[39m [37m/wd/hub/session/e30dfb99-78f7-4188-bf86-706e41646c69/screenshot[39m [90m{}[39m
[38;5;182m[e30dfb99][0m[38;5;86m[HTTP][0m [37m<-- GET /wd/hub/session/e30dfb99-78f7-4188-bf86-706e41646c69/screenshot [39m[32m200[39m [90m1308 ms - 749480[39m [90m[39m
[38;5;182m[e30dfb99][0m[38;5;86m[HTTP][0m [37m-->[39m [37mGET[39m [37m/wd/hub/session/e30dfb99-78f7-4188-bf86-706e41646c69/source[39m [90m{}[39m
[38;5;182m[e30dfb99][0m[38;5;-173m[AndroidUiautomator2Driver@74ef][0m Driver proxy active, passing request on via HTTP proxy
[38;5;182m[e30dfb99][0m[38;5;-173m[AndroidUiautomator2Driver@74ef][0m Replacing sessionId 951a4652-1176-4be6-84b1-cf94d2af240a with e30dfb99-78f7-4188-bf86-706e41646c69
[38;5;182m[e30dfb99][0m[38;5;86m[HTTP][0m [37m<-- GET /wd/hub/session/e30dfb99-78f7-4188-bf86-706e41646c69/source [39m[32m200[39m [90m494 ms - 44259[39m [90m[39m
[38;5;182m[e30dfb99][0m[38;5;86m[HTTP][0m [37m-->[39m [37mGET[39m [37m/wd/hub/session/e30dfb99-78f7-4188-bf86-706e41646c69/screenshot[39m [90m{}[39m
[38;5;182m[e30dfb99][0m[38;5;86m[HTTP][0m [37m<-- GET /wd/hub/session/e30dfb99-78f7-4188-bf86-706e41646c69/screenshot [39m[32m200[39m [90m396 ms - 94104[39m [90m[39m
[38;5;182m[e30dfb99][0m[38;5;86m[HTTP][0m [37m-->[39m [37mDELETE[39m [37m/wd/hub/session/e30dfb99-78f7-4188-bf86-706e41646c69[39m [90m{}[39m
[38;5;182m[e30dfb99][0m[38;5;64m[AppiumDriver@324e][0m Removing session e30dfb99-78f7-4188-bf86-706e41646c69 from our master session list
[38;5;182m[e30dfb99][0m[38;5;-173m[AndroidUiautomator2Driver@74ef][0m Did not get confirmation UiAutomator2 deleteSession worked; Error was: UnknownError: An unknown server-side error occurred while processing the command. Original error: 'DELETE /' cannot be proxied to UiAutomator2 server because the instrumentation process is not running (probably crashed). Check the server log and/or the logcat output for more details
[38;5;182m[e30dfb99][0m[38;5;86m[HTTP][0m [37m<-- DELETE /wd/hub/session/e30dfb99-78f7-4188-bf86-706e41646c69 [39m[32m200[39m [90m99 ms - 14[39m [90m[39m
